0 info it worked if it ends with ok
1 verbose cli [ '/Users/gpreet/.node/bin/node',
1 verbose cli   '/Users/gpreet/.node/bin/npm',
1 verbose cli   'run',
1 verbose cli   'lint' ]
2 info using npm@3.10.6
3 info using node@v4.4.7
4 verbose run-script [ 'prelint', 'lint', 'postlint' ]
5 info lifecycle gurpreet-lab@1.0.0~prelint: gurpreet-lab@1.0.0
6 silly lifecycle gurpreet-lab@1.0.0~prelint: no script for prelint, continuing
7 info lifecycle gurpreet-lab@1.0.0~lint: gurpreet-lab@1.0.0
8 verbose lifecycle gurpreet-lab@1.0.0~lint: unsafe-perm in lifecycle true
9 verbose lifecycle gurpreet-lab@1.0.0~lint: PATH: /Users/gpreet/.node/lib/node_modules/npm/bin/node-gyp-bin:/Users/gpreet/Documents/401july/lab-21-adventure-game/gurpreet-lab/node_modules/.bin:/Users/gpreet/.node/bin:/Users/gpreet/.node/bin:/Users/gpreet/.node/bin:/Users/gpreet/.node/bin:/usr/local/bin:/usr/bin:/bin:/usr/sbin:/sbin
10 verbose lifecycle gurpreet-lab@1.0.0~lint: CWD: /Users/gpreet/Documents/401july/lab-21-adventure-game/gurpreet-lab
11 silly lifecycle gurpreet-lab@1.0.0~lint: Args: [ '-c', 'eslint ./app, ./test' ]
12 silly lifecycle gurpreet-lab@1.0.0~lint: Returned: code: 1  signal: null
13 info lifecycle gurpreet-lab@1.0.0~lint: Failed to exec lint script
14 verbose stack Error: gurpreet-lab@1.0.0 lint: `eslint ./app, ./test`
14 verbose stack Exit status 1
14 verbose stack     at EventEmitter.<anonymous> (/Users/gpreet/.node/lib/node_modules/npm/lib/utils/lifecycle.js:255:16)
14 verbose stack     at emitTwo (events.js:87:13)
14 verbose stack     at EventEmitter.emit (events.js:172:7)
14 verbose stack     at ChildProcess.<anonymous> (/Users/gpreet/.node/lib/node_modules/npm/lib/utils/spawn.js:40:14)
14 verbose stack     at emitTwo (events.js:87:13)
14 verbose stack     at ChildProcess.emit (events.js:172:7)
14 verbose stack     at maybeClose (internal/child_process.js:827:16)
14 verbose stack     at Process.ChildProcess._handle.onexit (internal/child_process.js:211:5)
15 verbose pkgid gurpreet-lab@1.0.0
16 verbose cwd /Users/gpreet/Documents/401july/lab-21-adventure-game/gurpreet-lab
17 error Darwin 15.6.0
18 error argv "/Users/gpreet/.node/bin/node" "/Users/gpreet/.node/bin/npm" "run" "lint"
19 error node v4.4.7
20 error npm  v3.10.6
21 error code ELIFECYCLE
22 error gurpreet-lab@1.0.0 lint: `eslint ./app, ./test`
22 error Exit status 1
23 error Failed at the gurpreet-lab@1.0.0 lint script 'eslint ./app, ./test'.
23 error Make sure you have the latest version of node.js and npm installed.
23 error If you do, this is most likely a problem with the gurpreet-lab package,
23 error not with npm itself.
23 error Tell the author that this fails on your system:
23 error     eslint ./app, ./test
23 error You can get information on how to open an issue for this project with:
23 error     npm bugs gurpreet-lab
23 error Or if that isn't available, you can get their info via:
23 error     npm owner ls gurpreet-lab
23 error There is likely additional logging output above.
24 verbose exit [ 1, true ]
